<?xml version="1.0" encoding="UTF-8"?>
<testsuite xmlns:xsi="http://www.w3.org/2001/XMLSchema-instance" xsi:noNamespaceSchemaLocation="https://maven.apache.org/surefire/maven-surefire-plugin/xsd/surefire-test-report-3.0.xsd" version="3.0" name="pl.kwojcik.project_lab.ProjectLabApplicationTests" time="4.385" tests="1" errors="0" skipped="0" failures="0">
  <properties>
[...]
</properties>
  <testcase name="contextLoads" classname="pl.kwojcik.project_lab.ProjectLabApplicationTests" time="0.79">
    <system-out><![CDATA[14:56:24.196 [main] INFO org.springframework.test.context.support.AnnotationConfigContextLoaderUtils -- Could not detect default configuration classes for test class [pl.kwojcik.project_lab.ProjectLabApplicationTests]: ProjectLabApplicationTests does not declare any static, non-private, non-final, nested classes annotated with @Configuration.
14:56:24.303 [main] INFO org.springframework.boot.test.context.SpringBootTestContextBootstrapper -- Found @SpringBootConfiguration pl.kwojcik.project_lab.ProjectLabApplication for test class pl.kwojcik.project_lab.ProjectLabApplicationTests

  .   ____          _            __ _ _
 /\\ / ___'_ __ _ _(_)_ __  __ _ \ \ \ \
( ( )\___ | '_ | '_| | '_ \/ _` | \ \ \ \
 \\/  ___)| |_)| | | | | || (_| |  ) ) ) )
  '  |____| .__|_| |_|_| |_\__, | / / / /
 =========|_|==============|___/=/_/_/_/
 :: Spring Boot ::                (v3.2.3)

2024-02-25T14:56:24.724+01:00  INFO 88991 --- [           main] p.k.p.ProjectLabApplicationTests         : Starting ProjectLabApplicationTests using Java 21.0.2 with PID 88991 (started by kamil in /home/kamil/pollub/javaee/project_lab)
2024-02-25T14:56:24.726+01:00  INFO 88991 --- [           main] p.k.p.ProjectLabApplicationTests         : No active profile set, falling back to 1 default profile: "default"
2024-02-25T14:56:25.443+01:00  INFO 88991 --- [           main] .s.d.r.c.RepositoryConfigurationDelegate : Bootstrapping Spring Data JPA repositories in DEFAULT mode.
2024-02-25T14:56:25.472+01:00  INFO 88991 --- [           main] .s.d.r.c.RepositoryConfigurationDelegate : Finished Spring Data repository scanning in 20 ms. Found 0 JPA repository interfaces.
2024-02-25T14:56:25.984+01:00  INFO 88991 --- [           main] o.hibernate.jpa.internal.util.LogHelper  : HHH000204: Processing PersistenceUnitInfo [name: default]
2024-02-25T14:56:26.035+01:00  INFO 88991 --- [           main] org.hibernate.Version                    : HHH000412: Hibernate ORM core version 6.4.4.Final
2024-02-25T14:56:26.069+01:00  INFO 88991 --- [           main] o.h.c.internal.RegionFactoryInitiator    : HHH000026: Second-level cache disabled
2024-02-25T14:56:26.249+01:00  INFO 88991 --- [           main] o.s.o.j.p.SpringPersistenceUnitInfo      : No LoadTimeWeaver setup: ignoring JPA class transformer
2024-02-25T14:56:26.301+01:00  INFO 88991 --- [           main] com.zaxxer.hikari.HikariDataSource       : HikariPool-1 - Starting...
2024-02-25T14:56:26.427+01:00  INFO 88991 --- [           main] com.zaxxer.hikari.pool.HikariPool        : HikariPool-1 - Added connection org.postgresql.jdbc.PgConnection@17fbfb02
2024-02-25T14:56:26.429+01:00  INFO 88991 --- [           main] com.zaxxer.hikari.HikariDataSource       : HikariPool-1 - Start completed.
2024-02-25T14:56:26.879+01:00  INFO 88991 --- [           main] o.h.e.t.j.p.i.JtaPlatformInitiator       : HHH000489: No JTA platform available (set 'hibernate.transaction.jta.platform' to enable JTA platform integration)
2024-02-25T14:56:26.883+01:00  INFO 88991 --- [           main] j.LocalContainerEntityManagerFactoryBean : Initialized JPA EntityManagerFactory for persistence unit 'default'
2024-02-25T14:56:27.016+01:00  WARN 88991 --- [           main] JpaBaseConfiguration$JpaWebConfiguration : spring.jpa.open-in-view is enabled by default. Therefore, database queries may be performed during view rendering. Explicitly configure spring.jpa.open-in-view to disable this warning
2024-02-25T14:56:27.433+01:00  WARN 88991 --- [           main] .s.s.UserDetailsServiceAutoConfiguration : 

Using generated security password: 0fde5897-8013-47e4-993d-df9d75558246

This generated password is for development use only. Your security configuration must be updated before running your application in production.

2024-02-25T14:56:27.536+01:00  INFO 88991 --- [           main] o.s.s.web.DefaultSecurityFilterChain     : Will secure any request with [org.springframework.security.web.session.DisableEncodeUrlFilter@7adff6cb, org.springframework.security.web.context.request.async.WebAsyncManagerIntegrationFilter@13ebccd, org.springframework.security.web.context.SecurityContextHolderFilter@43df1377, org.springframework.security.web.header.HeaderWriterFilter@5db04bd2, org.springframework.web.filter.CorsFilter@4e80960a, org.springframework.security.web.csrf.CsrfFilter@5de243bb, org.springframework.security.web.authentication.logout.LogoutFilter@5151accb, org.springframework.security.web.authentication.UsernamePasswordAuthenticationFilter@3883b5e9, org.springframework.security.web.authentication.ui.DefaultLoginPageGeneratingFilter@1c9975a8, org.springframework.security.web.authentication.ui.DefaultLogoutPageGeneratingFilter@2a0c244e, org.springframework.security.web.authentication.www.BasicAuthenticationFilter@49665f92, org.springframework.security.web.savedrequest.RequestCacheAwareFilter@63f2d024, org.springframework.security.web.servletapi.SecurityContextHolderAwareRequestFilter@7b2dd35d, org.springframework.security.web.authentication.AnonymousAuthenticationFilter@2f60e66a, org.springframework.security.web.access.ExceptionTranslationFilter@3a9c92b5, org.springframework.security.web.access.intercept.AuthorizationFilter@6723e6b3]
2024-02-25T14:56:27.594+01:00  INFO 88991 --- [           main] p.k.p.ProjectLabApplicationTests         : Started ProjectLabApplicationTests in 3.156 seconds (process running for 4.195)
]]></system-out>
    <system-err><![CDATA[WARNING: A Java agent has been loaded dynamically (/home/kamil/.m2/repository/net/bytebuddy/byte-buddy-agent/1.14.12/byte-buddy-agent-1.14.12.jar)
WARNING: If a serviceability tool is in use, please run with -XX:+EnableDynamicAgentLoading to hide this warning
WARNING: If a serviceability tool is not in use, please run with -Djdk.instrument.traceUsage for more information
WARNING: Dynamic loading of agents will be disallowed by default in a future release
]]></system-err>
  </testcase>
</testsuite>